\BOOKMARK [1][-]{section.1}{Begr\374\337ungen}{}% 1
\BOOKMARK [2][-]{subsection.1.1}{Vorsitzende des Fachschaftsrats Mathematik/Informatik}{section.1}% 2
\BOOKMARK [2][-]{subsection.1.2}{Dekan und Studiendekan der Naturwissenschaftlichen Fakult\344t II}{section.1}% 3
\BOOKMARK [2][-]{subsection.1.3}{Dekan und Studiendekan der Naturwissenschaftlichen Fakult\344t III}{section.1}% 4
\BOOKMARK [2][-]{subsection.1.4}{Institutsdirektor des Instituts f\374r Mathematik}{section.1}% 5
\BOOKMARK [2][-]{subsection.1.5}{Institutsdirektor des Instituts f\374r Informatik}{section.1}% 6
\BOOKMARK [1][-]{section.2}{Was sind Leistungs-Punkte?}{}% 7
\BOOKMARK [1][-]{section.3}{Studieng\344nge}{}% 8
\BOOKMARK [2][-]{subsection.3.1}{Informatik}{section.3}% 9
\BOOKMARK [2][-]{subsection.3.2}{Bioinformatik}{section.3}% 10
\BOOKMARK [2][-]{subsection.3.3}{Informatik Lehramt}{section.3}% 11
\BOOKMARK [2][-]{subsection.3.4}{Mathematik}{section.3}% 12
\BOOKMARK [2][-]{subsection.3.5}{Wirtschaftsmathematik}{section.3}% 13
\BOOKMARK [2][-]{subsection.3.6}{Mathematik Lehramt}{section.3}% 14
\BOOKMARK [1][-]{section.4}{Wer vertritt wen?}{}% 15
\BOOKMARK [2][-]{subsection.4.1}{Fachschaftsr\344te}{section.4}% 16
\BOOKMARK [2][-]{subsection.4.2}{Studierendenrat}{section.4}% 17
\BOOKMARK [2][-]{subsection.4.3}{Fakult\344tsr\344te}{section.4}% 18
\BOOKMARK [2][-]{subsection.4.4}{Senat}{section.4}% 19
\BOOKMARK [1][-]{section.5}{Studieren in Halle}{}% 20
\BOOKMARK [2][-]{subsection.5.1}{Was kann mein Studentenausweis?}{section.5}% 21
\BOOKMARK [2][-]{subsection.5.2}{Was macht das Studentenwerk?}{section.5}% 22
\BOOKMARK [2][-]{subsection.5.3}{Stipendien}{section.5}% 23
\BOOKMARK [2][-]{subsection.5.4}{Studentenalltag}{section.5}% 24
\BOOKMARK [2][-]{subsection.5.5}{Was mache ich in meiner Freizeit?}{section.5}% 25
\BOOKMARK [2][-]{subsection.5.6}{hastuzeit}{section.5}% 26
\BOOKMARK [1][-]{section.6}{Hilfen technischer Natur}{}% 27
\BOOKMARK [2][-]{subsection.6.1}{Wie erstelle ich ein PDF?}{section.6}% 28
\BOOKMARK [2][-]{subsection.6.2}{Die Computerpools}{section.6}% 29
\BOOKMARK [2][-]{subsection.6.3}{WLAN}{section.6}% 30
\BOOKMARK [2][-]{subsection.6.4}{Kommunikationswege des FSR}{section.6}% 31
\BOOKMARK [1][-]{section.7}{Anhang}{}% 32
\BOOKMARK [2][-]{subsection.7.1}{Uni-ABC}{section.7}% 33
\BOOKMARK [2][-]{subsection.7.2}{N\374tzliche Links}{section.7}% 34
\BOOKMARK [2][-]{subsection.7.3}{Wichtige Kontakte}{section.7}% 35
